#
# There is insufficient memory for the Java Runtime Environment to continue.
# Native memory allocation (malloc) failed to allocate 1048576 bytes for AllocateHeap
# Possible reasons:
#   The system is out of physical RAM or swap space
#   The process is running with CompressedOops enabled, and the Java Heap may be blocking the growth of the native heap
# Possible solutions:
#   Reduce memory load on the system
#   Increase physical memory or swap space
#   Check if swap backing store is full
#   Decrease Java heap size (-Xmx/-Xms)
#   Decrease number of Java threads
#   Decrease Java thread stack sizes (-Xss)
#   Set larger code cache with -XX:ReservedCodeCacheSize=
#   JVM is running with Unscaled Compressed Oops mode in which the Java heap is
#     placed in the first 4GB address space. The Java Heap base address is the
#     maximum limit for the native heap growth. Please use -XX:HeapBaseMinAddress
#     to set the Java Heap base and to place the Java Heap above 4GB virtual address.
# This output file may be truncated or incomplete.
#
#  Out of Memory Error (t:/workspace/open/src/hotspot/share/memory/allocation.cpp:46), pid=4316, tid=9352
#
# JRE version: OpenJDK Runtime Environment (11.0.2+9) (build 11.0.2+9)
# Java VM: OpenJDK 64-Bit Server VM (11.0.2+9, mixed mode, tiered, compressed oops, g1 gc, windows-amd64)
# No core dump will be written. Minidumps are not enabled by default on client versions of Windows
#

---------------  S U M M A R Y ------------

Command Line: -Dcom.sun.management.jmxremote -Dcom.sun.management.jmxremote.port=60250 -Dcom.sun.management.jmxremote.authenticate=false -Dcom.sun.management.jmxremote.ssl=false -Djava.rmi.server.hostname=localhost -Dspring.jmx.enabled=true -Dspring.application.admin.enabled=true -Xverify:none -XX:TieredStopAtLevel=1 -Dfile.encoding=UTF-8 com.abrito10.projetoTesteEleicoes.ProjetoTesteEleicoesApplication --spring.output.ansi.enabled=always

Host: Intel(R) Core(TM) i7-4750HQ CPU @ 2.00GHz, 2 cores, 1G,  Windows 10 , 64 bit Build 19041 (10.0.19041.662)
Time: Mon Feb  1 18:36:32 2021 Hora oficial do Brasil elapsed time: 18 seconds (0d 0h 0m 18s)

---------------  T H R E A D  ---------------

Current thread (0x0000024ff64b5800):  VMThread "VM Thread" [stack: 0x000000b833000000,0x000000b833100000] [id=9352]

Stack: [0x000000b833000000,0x000000b833100000]
[error occurred during error reporting (printing stack bounds), id 0xc0000005, EXCEPTION_ACCESS_VIOLATION (0xc0000005) at pc=0x0000024fe3270bad]

Native frames: (J=compiled Java code, j=interpreted, Vv=VM code, C=native code)
V  [jvm.dll+0x63489a]
V  [jvm.dll+0x771f9f]
V  [jvm.dll+0x773648]
V  [jvm.dll+0x773c65]
V  [jvm.dll+0x773c1b]
V  [jvm.dll+0x633fa6]
V  [jvm.dll+0x634368]
C  [ntdll.dll+0xa130f]
C  [ntdll.dll+0x4b5e4]
C  [ntdll.dll+0x9fe3e]
C  0x0000024fe3270bad

VM_Operation (0x000000b832afb930): CollectForMetadataAllocation, mode: safepoint, requested by thread 0x0000024fdaf20000


---------------  P R O C E S S  ---------------

Threads class SMR info:
_java_thread_list=0x0000024ff8bc4af0, length=19, elements={
0x0000024fdaf20000, 0x0000024ff64dd800, 0x0000024ff64e7800, 0x0000024ff6548800,
0x0000024ff6549800, 0x0000024ff654b000, 0x0000024ff6501800, 0x0000024ff659e800,
0x0000024ff67be000, 0x0000024ff6d44800, 0x0000024ff6d45800, 0x0000024ff6e12000,
0x0000024ff71b7800, 0x0000024ff7112000, 0x0000024ff71c9000, 0x0000024ff8811800,
0x0000024ff8795800, 0x0000024ff87ea800, 0x0000024ff893b000
}

Java Threads: ( => current thread )
  0x0000024fdaf20000 JavaThread "main" [_thread_blocked, id=9792, stack(0x000000b832a00000,0x000000b832b00000)]
  0x0000024ff64dd800 JavaThread "Reference Handler" daemon [_thread_blocked, id=9944, stack(0x000000b833100000,0x000000b833200000)]
  0x0000024ff64e7800 JavaThread "Finalizer" daemon [_thread_blocked, id=9280, stack(0x000000b833200000,0x000000b833300000)]
  0x0000024ff6548800 JavaThread "Signal Dispatcher" daemon [_thread_blocked, id=9596, stack(0x000000b833300000,0x000000b833400000)]
  0x0000024ff6549800 JavaThread "Attach Listener" daemon [_thread_blocked, id=10976, stack(0x000000b833400000,0x000000b833500000)]
  0x0000024ff654b000 JavaThread "C1 CompilerThread0" daemon [_thread_blocked, id=888, stack(0x000000b833500000,0x000000b833600000)]
  0x0000024ff6501800 JavaThread "Sweeper thread" daemon [_thread_blocked, id=2472, stack(0x000000b833600000,0x000000b833700000)]
  0x0000024ff659e800 JavaThread "Common-Cleaner" daemon [_thread_blocked, id=4696, stack(0x000000b833700000,0x000000b833800000)]
  0x0000024ff67be000 JavaThread "Service Thread" daemon [_thread_blocked, id=8908, stack(0x000000b833800000,0x000000b833900000)]
  0x0000024ff6d44800 JavaThread "RMI TCP Accept-0" daemon [_thread_in_native, id=4376, stack(0x000000b833b00000,0x000000b833c00000)]
  0x0000024ff6d45800 JavaThread "RMI TCP Accept-60250" daemon [_thread_in_native, id=10600, stack(0x000000b833c00000,0x000000b833d00000)]
  0x0000024ff6e12000 JavaThread "RMI TCP Accept-0" daemon [_thread_in_native, id=11060, stack(0x000000b833d00000,0x000000b833e00000)]
  0x0000024ff71b7800 JavaThread "RMI TCP Connection(1)-127.0.0.1" daemon [_thread_in_native, id=11080, stack(0x000000b833f00000,0x000000b834000000)]
  0x0000024ff7112000 JavaThread "RMI Scheduler(0)" daemon [_thread_blocked, id=11072, stack(0x000000b834000000,0x000000b834100000)]
  0x0000024ff71c9000 JavaThread "JMX server connection timeout 17" daemon [_thread_blocked, id=1496, stack(0x000000b834100000,0x000000b834200000)]
  0x0000024ff8811800 JavaThread "HikariPool-1 housekeeper" daemon [_thread_blocked, id=9588, stack(0x000000b834200000,0x000000b834300000)]
  0x0000024ff8795800 JavaThread "Catalina-utility-1" [_thread_blocked, id=10096, stack(0x000000b834400000,0x000000b834500000)]
  0x0000024ff87ea800 JavaThread "Catalina-utility-2" [_thread_blocked, id=3040, stack(0x000000b834500000,0x000000b834600000)]
  0x0000024ff893b000 JavaThread "container-0" [_thread_blocked, id=8588, stack(0x000000b834600000,0x000000b834700000)]

Other Threads:
=>0x0000024ff64b5800 VMThread "VM Thread" [stack: 0x000000b833000000,0x000000b833100000] [id=9352]
  0x0000024ff6e13800 WatcherThread [stack: 0x000000b833e00000,0x000000b833f00000] [id=3668]
  0x0000024fdaf35000 GCTaskThread "GC Thread#0" [stack: 0x000000b832b00000,0x000000b832c00000] [id=10060]
  0x0000024ff6cd5800 GCTaskThread "GC Thread#1" [stack: 0x000000b833a00000,0x000000b833b00000] [id=8524]
  0x0000024fdaf45000 ConcurrentGCThread "G1 Main Marker" [stack: 0x000000b832c00000,0x000000b832d00000] [id=8948]
  0x0000024fdaf47000 ConcurrentGCThread "G1 Conc#0" [stack: 0x000000b832d00000,0x000000b832e00000] [id=10556]
  0x0000024fdaf7c000 ConcurrentGCThread "G1 Refine#0" [stack: 0x000000b832e00000,0x000000b832f00000] [id=8576]
  0x0000024fdaf7f800 ConcurrentGCThread "G1 Young RemSet Sampling" [stack: 0x000000b832f00000,0x000000b833000000] [id=8708]

Threads with active compile tasks:

VM state:at safepoint (normal execution)

VM Mutex/Monitor currently owned by a thread:  ([mutex/lock_event])
[0x0000024fdaf1dd90] Threads_lock - owner thread: 0x0000024ff64b5800
[0x0000024fdaf1bfc0] Heap_lock - owner thread: 0x0000024fdaf20000

Heap address: 0x00000000e0400000, size: 508 MB, Compressed Oops mode: 32-bit
Narrow klass base: 0x0000000000000000, Narrow klass shift: 3
Compressed class space size: 1073741824 Address: 0x0000000100000000

Heap:
 garbage-first heap   total 58368K, used 21930K [0x00000000e0400000, 0x0000000100000000)
  region size 1024K, 3 young (3072K), 3 survivors (3072K)
 Metaspace       used 50821K, capacity 52223K, committed 52304K, reserved 1107968K
  class space    used 6671K, capacity 7229K, committed 7296K, reserved 1048576K
Heap Regions: E=young(eden), S=young(survivor), O=old, HS=humongous(starts), HC=humongous(continues), CS=collection set, F=free, A=archive, TAMS=top-at-mark-start (previous, next)
|   0|0x00000000e0400000, 0x00000000e0500000, 0x00000000e0500000|100%|HS|  |TAMS 0x00000000e0500000, 0x00000000e0500000| Complete 
|   1|0x00000000e0500000, 0x00000000e0600000, 0x00000000e0600000|100%| O|  |TAMS 0x00000000e0600000, 0x00000000e0600000| Untracked 
|   2|0x00000000e0600000, 0x00000000e0700000, 0x00000000e0700000|100%| O|  |TAMS 0x00000000e0700000, 0x00000000e0700000| Untracked 
|   3|0x00000000e0700000, 0x00000000e0800000, 0x00000000e0800000|100%| O|  |TAMS 0x00000000e0800000, 0x00000000e0800000| Untracked 
|   4|0x00000000e0800000, 0x00000000e0900000, 0x00000000e0900000|100%| O|  |TAMS 0x00000000e0900000, 0x00000000e0900000| Untracked 
|   5|0x00000000e0900000, 0x00000000e0a00000, 0x00000000e0a00000|100%| O|  |TAMS 0x00000000e0a00000, 0x00000000e0a00000| Untracked 
|   6|0x00000000e0a00000, 0x00000000e0b00000, 0x00000000e0b00000|100%| O|  |TAMS 0x00000000e0b00000, 0x00000000e0b00000| Untracked 
|   7|0x00000000e0b00000, 0x00000000e0c00000, 0x00000000e0c00000|100%| O|  |TAMS 0x00000000e0c00000, 0x00000000e0c00000| Untracked 
|   8|0x00000000e0c00000, 0x00000000e0d00000, 0x00000000e0d00000|100%| O|  |TAMS 0x00000000e0d00000, 0x00000000e0d00000| Untracked 
|   9|0x00000000e0d00000, 0x00000000e0e00000, 0x00000000e0e00000|100%| O|  |TAMS 0x00000000e0e00000, 0x00000000e0e00000| Untracked 
|  10|0x00000000e0e00000, 0x00000000e0f00000, 0x00000000e0f00000|100%| O|  |TAMS 0x00000000e0f00000, 0x00000000e0f00000| Untracked 
|  11|0x00000000e0f00000, 0x00000000e1000000, 0x00000000e1000000|100%| O|  |TAMS 0x00000000e1000000, 0x00000000e1000000| Untracked 
|  12|0x00000000e1000000, 0x00000000e1100000, 0x00000000e1100000|100%| O|  |TAMS 0x00000000e1100000, 0x00000000e1100000| Untracked 
|  13|0x00000000e1100000, 0x00000000e1200000, 0x00000000e1200000|100%| O|  |TAMS 0x00000000e1200000, 0x00000000e1200000| Untracked 
|  14|0x00000000e1200000, 0x00000000e1300000, 0x00000000e1300000|100%| O|  |TAMS 0x00000000e12c5e00, 0x00000000e1300000| Untracked 
|  15|0x00000000e1300000, 0x00000000e1400000, 0x00000000e1400000|100%| O|  |TAMS 0x00000000e1300000, 0x00000000e1400000| Untracked 
|  16|0x00000000e1400000, 0x00000000e1500000, 0x00000000e1500000|100%| O|  |TAMS 0x00000000e1400000, 0x00000000e1500000| Untracked 
|  17|0x00000000e1500000, 0x00000000e1600000, 0x00000000e1600000|100%| O|  |TAMS 0x00000000e1500000, 0x00000000e1600000| Untracked 
|  18|0x00000000e1600000, 0x00000000e1700000, 0x00000000e1700000|100%| O|  |TAMS 0x00000000e1600000, 0x00000000e1700000| Untracked 
|  19|0x00000000e1700000, 0x00000000e1718600, 0x00000000e1800000|  9%| O|  |TAMS 0x00000000e1700000, 0x00000000e1718600| Untracked 
|  20|0x00000000e1800000, 0x00000000e1800000, 0x00000000e1900000|  0%| F|  |TAMS 0x00000000e1800000, 0x00000000e1800000| Untracked 
|  21|0x00000000e1900000, 0x00000000e1900000, 0x00000000e1a00000|  0%| F|  |TAMS 0x00000000e1900000, 0x00000000e1900000| Untracked 
|  22|0x00000000e1a00000, 0x00000000e1a00000, 0x00000000e1b00000|  0%| F|  |TAMS 0x00000000e1a00000, 0x00000000e1a00000| Untracked 
|  23|0x00000000e1b00000, 0x00000000e1b00000, 0x00000000e1c00000|  0%| F|  |TAMS 0x00000000e1b00000, 0x00000000e1b00000| Untracked 
|  24|0x00000000e1c00000, 0x00000000e1c00000, 0x00000000e1d00000|  0%| F|  |TAMS 0x00000000e1c00000, 0x00000000e1c00000| Untracked 
|  25|0x00000000e1d00000, 0x00000000e1d00000, 0x00000000e1e00000|  0%| F|  |TAMS 0x00000000e1d00000, 0x00000000e1d00000| Untracked 
|  26|0x00000000e1e00000, 0x00000000e1e00000, 0x00000000e1f00000|  0%| F|  |TAMS 0x00000000e1e00000, 0x00000000e1e00000| Untracked 
|  27|0x00000000e1f00000, 0x00000000e1f00000, 0x00000000e2000000|  0%| F|  |TAMS 0x00000000e1f00000, 0x00000000e1f00000| Untracked 
|  28|0x00000000e2000000, 0x00000000e2000000, 0x00000000e2100000|  0%| F|  |TAMS 0x00000000e2000000, 0x00000000e2000000| Untracked 
|  29|0x00000000e2100000, 0x00000000e2100000, 0x00000000e2200000|  0%| F|  |TAMS 0x00000000e2100000, 0x00000000e2100000| Untracked 
|  30|0x00000000e2200000, 0x00000000e2200000, 0x00000000e2300000|  0%| F|  |TAMS 0x00000000e2200000, 0x00000000e2200000| Untracked 
|  31|0x00000000e2300000, 0x00000000e2300000, 0x00000000e2400000|  0%| F|  |TAMS 0x00000000e2300000, 0x00000000e2300000| Untracked 
|  32|0x00000000e2400000, 0x00000000e2400000, 0x00000000e2500000|  0%| F|  |TAMS 0x00000000e2400000, 0x00000000e2400000| Untracked 
|  33|0x00000000e2500000, 0x00000000e2500000, 0x00000000e2600000|  0%| F|  |TAMS 0x00000000e2500000, 0x00000000e2500000| Untracked 
|  34|0x00000000e2600000, 0x00000000e2600000, 0x00000000e2700000|  0%| F|  |TAMS 0x00000000e2600000, 0x00000000e2600000| Untracked 
|  35|0x00000000e2700000, 0x00000000e2700000, 0x00000000e2800000|  0%| F|  |TAMS 0x00000000e2700000, 0x00000000e2700000| Untracked 
|  36|0x00000000e2800000, 0x00000000e2800000, 0x00000000e2900000|  0%| F|  |TAMS 0x00000000e2800000, 0x00000000e2800000| Untracked 
|  37|0x00000000e2900000, 0x00000000e2900000, 0x00000000e2a00000|  0%| F|  |TAMS 0x00000000e2900000, 0x00000000e2900000| Untracked 
|  38|0x00000000e2a00000, 0x00000000e2a00000, 0x00000000e2b00000|  0%| F|  |TAMS 0x00000000e2a00000, 0x00000000e2a00000| Untracked 
|  39|0x00000000e2b00000, 0x00000000e2b00000, 0x00000000e2c00000|  0%| F|  |TAMS 0x00000000e2b00000, 0x00000000e2b00000| Untracked 
|  40|0x00000000e2c00000, 0x00000000e2c00000, 0x00000000e2d00000|  0%| F|  |TAMS 0x00000000e2c00000, 0x00000000e2c00000| Untracked 
|  41|0x00000000e2d00000, 0x00000000e2d00000, 0x00000000e2e00000|  0%| F|  |TAMS 0x00000000e2d00000, 0x00000000e2d00000| Untracked 
|  42|0x00000000e2e00000, 0x00000000e2e00000, 0x00000000e2f00000|  0%| F|  |TAMS 0x00000000e2e00000, 0x00000000e2e00000| Untracked 
|  43|0x00000000e2f00000, 0x00000000e2f00000, 0x00000000e3000000|  0%| F|  |TAMS 0x00000000e2f00000, 0x00000000e2f00000| Untracked 
|  44|0x00000000e3000000, 0x00000000e3000000, 0x00000000e3100000|  0%| F|  |TAMS 0x00000000e3000000, 0x00000000e3000000| Untracked 
|  45|0x00000000e3100000, 0x00000000e31522a0, 0x00000000e3200000| 32%| S|CS|TAMS 0x00000000e3100000, 0x00000000e3100000| Complete 
|  46|0x00000000e3200000, 0x00000000e3300000, 0x00000000e3300000|100%| S|CS|TAMS 0x00000000e3200000, 0x00000000e3200000| Complete 
|  47|0x00000000e3300000, 0x00000000e3400000, 0x00000000e3400000|100%| S|CS|TAMS 0x00000000e3300000, 0x00000000e3300000| Complete 
|  48|0x00000000e3400000, 0x00000000e3400000, 0x00000000e3500000|  0%| F|  |TAMS 0x00000000e3400000, 0x00000000e3400000| Untracked 
|  49|0x00000000e3500000, 0x00000000e3500000, 0x00000000e3600000|  0%| F|  |TAMS 0x00000000e3500000, 0x00000000e3500000| Untracked 
|  50|0x00000000e3600000, 0x00000000e3600000, 0x00000000e3700000|  0%| F|  |TAMS 0x00000000e3600000, 0x00000000e3600000| Untracked 
|  51|0x00000000e3700000, 0x00000000e3700000, 0x00000000e3800000|  0%| F|  |TAMS 0x00000000e3700000, 0x00000000e3700000| Untracked 
|  52|0x00000000e3800000, 0x00000000e3800000, 0x00000000e3900000|  0%| F|  |TAMS 0x00000000e3800000, 0x00000000e3800000| Untracked 
|  53|0x00000000e3900000, 0x00000000e3900000, 0x00000000e3a00000|  0%| F|  |TAMS 0x00000000e3900000, 0x00000000e3900000| Untracked 
|  54|0x00000000e3a00000, 0x00000000e3a00000, 0x00000000e3b00000|  0%| F|  |TAMS 0x00000000e3a00000, 0x00000000e3a00000| Untracked 
|  55|0x00000000e3b00000, 0x00000000e3b00000, 0x00000000e3c00000|  0%| F|  |TAMS 0x00000000e3b00000, 0x00000000e3b00000| Untracked 
|  56|0x00000000e3c00000, 0x00000000e3c00000, 0x00000000e3d00000|  0%| F|  |TAMS 0x00000000e3c00000, 0x00000000e3c00000| Untracked 

Card table byte_map: [0x0000024ff2770000,0x0000024ff2870000] _byte_map_base: 0x0000024ff206e000

Marking Bits (Prev, Next): (CMBitMap*) 0x0000024fdaf423a8, (CMBitMap*) 0x0000024fdaf423e0
 Prev Bits: [0x0000024ff2970000, 0x0000024ff3160000)
 Next Bits: [0x0000024ff3160000, 0x0000024ff3950000)

Polling page: 0x0000024fd9570000

Metaspace:

Usage:
  Non-class:     43.94 MB capacity,    43.12 MB ( 98%) used,   676.13 KB (  2%) free+waste,   167.25 KB ( <1%) overhead. 
      Class:      7.06 MB capacity,     6.51 MB ( 92%) used,   475.70 KB (  7%) free+waste,    82.25 KB (  1%) overhead. 
       Both:     51.00 MB capacity,    49.63 MB ( 97%) used,     1.12 MB (  2%) free+waste,   249.50 KB ( <1%) overhead. 

Virtual space:
  Non-class space:       58.00 MB reserved,      43.95 MB ( 76%) committed 
      Class space:        1.00 GB reserved,       7.13 MB ( <1%) committed 
             Both:        1.06 GB reserved,      51.08 MB (  5%) committed 

Chunk freelists:
   Non-Class:  1.75 KB
       Class:  384 bytes
        Both:  2.13 KB

CodeHeap 'non-profiled nmethods': size=239488Kb used=6727Kb max_used=6727Kb free=232760Kb
 bounds [0x0000024fe3890000, 0x0000024fe3f30000, 0x0000024ff2270000]
CodeHeap 'non-nmethods': size=6272Kb used=1229Kb max_used=1778Kb free=5043Kb
 bounds [0x0000024fe3270000, 0x0000024fe34e0000, 0x0000024fe3890000]
 total_blobs=4841 nmethods=4200 adapters=523
 compilation: enabled
              stopped_count=0, restarted_count=0
 full_count=0

Compilation events (10 events):
Event: 18.024 Thread 0x0000024ff654b000 4223       1       net.bytebuddy.description.method.MethodDescription$ForLoadedMethod::getInternalName (8 bytes)
Event: 18.024 Thread 0x0000024ff654b000 nmethod 4223 0x0000024fe3f20490 code [0x0000024fe3f20640, 0x0000024fe3f20758]
Event: 18.025 Thread 0x0000024ff654b000 4224       1       net.bytebuddy.description.type.TypeDescription$Generic$Visitor$Substitutor$ForAttachment::onNonGenericType (6 bytes)
Event: 18.025 Thread 0x0000024ff654b000 nmethod 4224 0x0000024fe3f20810 code [0x0000024fe3f209c0, 0x0000024fe3f20af0]
Event: 18.025 Thread 0x0000024ff654b000 4225       1       net.bytebuddy.description.type.TypeDescription$Generic$Visitor$Substitutor$ForAttachment::onSimpleType (28 bytes)
Event: 18.025 Thread 0x0000024ff654b000 nmethod 4225 0x0000024fe3f20b90 code [0x0000024fe3f20d60, 0x0000024fe3f20f60]
Event: 18.026 Thread 0x0000024ff654b000 4226       1       net.bytebuddy.jar.asm.Type::appendDescriptor (185 bytes)
Event: 18.027 Thread 0x0000024ff654b000 nmethod 4226 0x0000024fe3f21090 code [0x0000024fe3f212e0, 0x0000024fe3f217c0]
Event: 18.028 Thread 0x0000024ff654b000 4227       1       net.bytebuddy.jar.asm.ByteVector::putByte (39 bytes)
Event: 18.028 Thread 0x0000024ff654b000 nmethod 4227 0x0000024fe3f21a90 code [0x0000024fe3f21c40, 0x0000024fe3f21df0]

GC Heap History (10 events):
Event: 13.209 GC heap before
{Heap before GC invocations=26 (full 0):
 garbage-first heap   total 48128K, used 36579K [0x00000000e0400000, 0x0000000100000000)
  region size 1024K, 21 young (21504K), 2 survivors (2048K)
 Metaspace       used 40158K, capacity 41488K, committed 41680K, reserved 1085440K
  class space    used 5041K, capacity 5574K, committed 5632K, reserved 1048576K
}
Event: 13.217 GC heap after
{Heap after GC invocations=27 (full 0):
 garbage-first heap   total 48128K, used 19446K [0x00000000e0400000, 0x0000000100000000)
  region size 1024K, 3 young (3072K), 3 survivors (3072K)
 Metaspace       used 40158K, capacity 41488K, committed 41680K, reserved 1085440K
  class space    used 5041K, capacity 5574K, committed 5632K, reserved 1048576K
}
Event: 14.307 GC heap before
{Heap before GC invocations=27 (full 0):
 garbage-first heap   total 48128K, used 37878K [0x00000000e0400000, 0x0000000100000000)
  region size 1024K, 21 young (21504K), 3 survivors (3072K)
 Metaspace       used 43008K, capacity 44390K, committed 44496K, reserved 1087488K
  class space    used 5578K, capacity 6135K, committed 6144K, reserved 1048576K
}
Event: 14.318 GC heap after
{Heap after GC invocations=28 (full 0):
 garbage-first heap   total 48128K, used 20239K [0x00000000e0400000, 0x0000000100000000)
  region size 1024K, 3 young (3072K), 3 survivors (3072K)
 Metaspace       used 43008K, capacity 44390K, committed 44496K, reserved 1087488K
  class space    used 5578K, capacity 6135K, committed 6144K, reserved 1048576K
}
Event: 15.620 GC heap before
{Heap before GC invocations=28 (full 0):
 garbage-first heap   total 48128K, used 37647K [0x00000000e0400000, 0x0000000100000000)
  region size 1024K, 20 young (20480K), 3 survivors (3072K)
 Metaspace       used 45989K, capacity 47374K, committed 47440K, reserved 1089536K
  class space    used 5935K, capacity 6468K, committed 6528K, reserved 1048576K
}
Event: 15.631 GC heap after
{Heap after GC invocations=29 (full 0):
 garbage-first heap   total 58368K, used 20887K [0x00000000e0400000, 0x0000000100000000)
  region size 1024K, 2 young (2048K), 2 survivors (2048K)
 Metaspace       used 45989K, capacity 47374K, committed 47440K, reserved 1089536K
  class space    used 5935K, capacity 6468K, committed 6528K, reserved 1048576K
}
Event: 17.463 GC heap before
{Heap before GC invocations=29 (full 0):
 garbage-first heap   total 58368K, used 43415K [0x00000000e0400000, 0x0000000100000000)
  region size 1024K, 24 young (24576K), 2 survivors (2048K)
 Metaspace       used 49651K, capacity 51091K, committed 51280K, reserved 1095680K
  class space    used 6460K, capacity 7002K, committed 7040K, reserved 1048576K
}
Event: 17.472 GC heap after
{Heap after GC invocations=30 (full 0):
 garbage-first heap   total 58368K, used 21479K [0x00000000e0400000, 0x0000000100000000)
  region size 1024K, 2 young (2048K), 2 survivors (2048K)
 Metaspace       used 49651K, capacity 51091K, committed 51280K, reserved 1095680K
  class space    used 6460K, capacity 7002K, committed 7040K, reserved 1048576K
}
Event: 18.067 GC heap before
{Heap before GC invocations=30 (full 0):
 garbage-first heap   total 58368K, used 29671K [0x00000000e0400000, 0x0000000100000000)
  region size 1024K, 11 young (11264K), 2 survivors (2048K)
 Metaspace       used 50821K, capacity 52223K, committed 52304K, reserved 1105920K
  class space    used 6671K, capacity 7229K, committed 7296K, reserved 1048576K
}
Event: 18.075 GC heap after
{Heap after GC invocations=31 (full 0):
 garbage-first heap   total 58368K, used 21930K [0x00000000e0400000, 0x0000000100000000)
  region size 1024K, 3 young (3072K), 3 survivors (3072K)
 Metaspace       used 50821K, capacity 52223K, committed 52304K, reserved 1105920K
  class space    used 6671K, capacity 7229K, committed 7296K, reserved 1048576K
}

Deoptimization events (0 events):
No events

Classes redefined (0 events):
No events

Internal exceptions (10 events):
Event: 15.402 Thread 0x0000024ff71b7800 Exception <a 'java/lang/ClassNotFoundException'{0x00000000e24b0388}: org/springframework/boot/actuate/endpoint/jmx/EndpointMBean> (0x00000000e24b0388) thrown at [t:/workspace/open/src/hotspot/share/classfile/systemDictionary.cpp, line 231]
Event: 15.402 Thread 0x0000024ff71b7800 Exception <a 'java/lang/ClassNotFoundException'{0x00000000e24b0758}: org/springframework/boot/actuate/endpoint/jmx/DataEndpointMBean> (0x00000000e24b0758) thrown at [t:/workspace/open/src/hotspot/share/classfile/systemDictionary.cpp, line 231]
Event: 15.402 Thread 0x0000024ff71b7800 Exception <a 'java/lang/ClassNotFoundException'{0x00000000e24b0b20}: org/springframework/context/support/LiveBeansView> (0x00000000e24b0b20) thrown at [t:/workspace/open/src/hotspot/share/classfile/systemDictionary.cpp, line 231]
Event: 15.402 Thread 0x0000024ff71b7800 Exception <a 'java/lang/ClassNotFoundException'{0x00000000e24b0ed8}: org/springframework/boot/actuate/endpoint/jmx/EndpointMBean> (0x00000000e24b0ed8) thrown at [t:/workspace/open/src/hotspot/share/classfile/systemDictionary.cpp, line 231]
Event: 15.402 Thread 0x0000024ff71b7800 Exception <a 'java/lang/ClassNotFoundException'{0x00000000e24b1290}: org/springframework/boot/actuate/endpoint/jmx/DataEndpointMBean> (0x00000000e24b1290) thrown at [t:/workspace/open/src/hotspot/share/classfile/systemDictionary.cpp, line 231]
Event: 15.403 Thread 0x0000024ff71b7800 Exception <a 'java/lang/ClassNotFoundException'{0x00000000e24b1640}: org/springframework/context/support/LiveBeansView> (0x00000000e24b1640) thrown at [t:/workspace/open/src/hotspot/share/classfile/systemDictionary.cpp, line 231]
Event: 15.404 Thread 0x0000024ff71b7800 Exception <a 'java/lang/ClassNotFoundException'{0x00000000e24b19f8}: org/springframework/boot/actuate/endpoint/jmx/EndpointMBean> (0x00000000e24b19f8) thrown at [t:/workspace/open/src/hotspot/share/classfile/systemDictionary.cpp, line 231]
Event: 15.404 Thread 0x0000024ff71b7800 Exception <a 'java/lang/ClassNotFoundException'{0x00000000e24b1db0}: org/springframework/boot/actuate/endpoint/jmx/DataEndpointMBean> (0x00000000e24b1db0) thrown at [t:/workspace/open/src/hotspot/share/classfile/systemDictionary.cpp, line 231]
Event: 15.404 Thread 0x0000024ff71b7800 Exception <a 'java/lang/ClassNotFoundException'{0x00000000e24b2160}: org/springframework/context/support/LiveBeansView> (0x00000000e24b2160) thrown at [t:/workspace/open/src/hotspot/share/classfile/systemDictionary.cpp, line 231]
Event: 16.405 Thread 0x0000024fdaf20000 Exception <a 'java/lang/NoSuchMethodError'{0x00000000e39d7fe8}: java.lang.invoke.DirectMethodHandle$Holder.newInvokeSpecial(Ljava/lang/Object;Ljava/lang/Object;ILjava/lang/Object;Ljava/lang/Object;)Ljava/lang/Object;> (0x00000000e39d7fe8) thrown at [t:/wo

Events (10 events):
Event: 18.002 loading class org/hibernate/persister/walking/spi/EncapsulatedEntityIdentifierDefinition done
Event: 18.002 loading class org/hibernate/persister/walking/spi/EntityIdentifierDefinition
Event: 18.002 loading class org/hibernate/persister/walking/spi/EntityIdentifierDefinition done
Event: 18.002 loading class org/hibernate/persister/walking/internal/EntityIdentifierDefinitionHelper$AttributeDefinitionAdapter
Event: 18.002 loading class org/hibernate/persister/walking/internal/EntityIdentifierDefinitionHelper$AttributeDefinitionAdapter done
Event: 18.003 loading class org/hibernate/tuple/entity/EntityBasedAssociationAttribute
Event: 18.003 loading class org/hibernate/tuple/entity/EntityBasedAssociationAttribute done
Event: 18.003 loading class org/hibernate/persister/walking/spi/AssociationAttributeDefinition
Event: 18.003 loading class org/hibernate/persister/walking/spi/AssociationAttributeDefinition done
Event: 18.066 Executing VM operation: CollectForMetadataAllocation


Dynamic libraries:
0x00007ff648540000 - 0x00007ff648585000 	C:\Program Files\Java\jdk-11.0.2\bin\javaw.exe
0x00007ffa421d0000 - 0x00007ffa423c6000 	C:\WINDOWS\SYSTEM32\ntdll.dll
0x00007ffa41480000 - 0x00007ffa4153d000 	C:\WINDOWS\System32\KERNEL32.DLL
0x00007ffa3fc70000 - 0x00007ffa3ff39000 	C:\WINDOWS\System32\KERNELBASE.dll
0x00007ffa41e70000 - 0x00007ffa42010000 	C:\WINDOWS\System32\USER32.dll
0x00007ffa40070000 - 0x00007ffa40092000 	C:\WINDOWS\System32\win32u.dll
0x00007ffa40b60000 - 0x00007ffa40b8a000 	C:\WINDOWS\System32\GDI32.dll
0x00007ffa400a0000 - 0x00007ffa401ab000 	C:\WINDOWS\System32\gdi32full.dll
0x00007ffa3fb20000 - 0x00007ffa3fbbd000 	C:\WINDOWS\System32\msvcp_win.dll
0x00007ffa3ff40000 - 0x00007ffa40040000 	C:\WINDOWS\System32\ucrtbase.dll
0x00007ffa2f900000 - 0x00007ffa2fb9b000 	C:\WINDOWS\WinSxS\amd64_microsoft.windows.common-controls_6595b64144ccf1df_6.0.19041.746_none_ca02b4b61b8320a4\COMCTL32.dll
0x00007ffa40b90000 - 0x00007ffa40c2e000 	C:\WINDOWS\System32\msvcrt.dll
0x00007ffa41450000 - 0x00007ffa41480000 	C:\WINDOWS\System32\IMM32.DLL
0x00007ffa39b30000 - 0x00007ffa39b46000 	C:\Program Files\Java\jdk-11.0.2\bin\vcruntime140.dll
0x00007ffa10410000 - 0x00007ffa104ba000 	C:\Program Files\Java\jdk-11.0.2\bin\msvcp140.dll
0x00007ffa0d470000 - 0x00007ffa0df93000 	C:\Program Files\Java\jdk-11.0.2\bin\server\jvm.dll
0x00007ffa40f60000 - 0x00007ffa4100c000 	C:\WINDOWS\System32\ADVAPI32.dll
0x00007ffa42010000 - 0x00007ffa420ac000 	C:\WINDOWS\System32\sechost.dll
0x00007ffa41b70000 - 0x00007ffa41c9b000 	C:\WINDOWS\System32\RPCRT4.dll
0x00007ffa41440000 - 0x00007ffa41448000 	C:\WINDOWS\System32\PSAPI.DLL
0x00007ffa23380000 - 0x00007ffa23389000 	C:\WINDOWS\SYSTEM32\WSOCK32.dll
0x00007ffa41540000 - 0x00007ffa415ab000 	C:\WINDOWS\System32\WS2_32.dll
0x00007ffa27710000 - 0x00007ffa27737000 	C:\WINDOWS\SYSTEM32\WINMM.dll
0x00007ffa35400000 - 0x00007ffa3540a000 	C:\WINDOWS\SYSTEM32\VERSION.dll
0x00007ffa3e240000 - 0x00007ffa3e252000 	C:\WINDOWS\SYSTEM32\kernel.appcore.dll
0x00007ffa39de0000 - 0x00007ffa39df1000 	C:\Program Files\Java\jdk-11.0.2\bin\verify.dll
0x00007ffa31eb0000 - 0x00007ffa32094000 	C:\WINDOWS\SYSTEM32\DBGHELP.DLL
0x00007ffa31e80000 - 0x00007ffa31eac000 	C:\WINDOWS\SYSTEM32\dbgcore.DLL
0x00007ffa401b0000 - 0x00007ffa40230000 	C:\WINDOWS\System32\bcryptPrimitives.dll
0x00007ffa39d10000 - 0x00007ffa39d38000 	C:\Program Files\Java\jdk-11.0.2\bin\java.dll
0x00007ffa39cf0000 - 0x00007ffa39d06000 	C:\Program Files\Java\jdk-11.0.2\bin\zip.dll
0x00007ffa39dd0000 - 0x00007ffa39dda000 	C:\Program Files\Java\jdk-11.0.2\bin\jimage.dll
0x00007ffa40230000 - 0x00007ffa40973000 	C:\WINDOWS\System32\SHELL32.dll
0x00007ffa3d9a0000 - 0x00007ffa3e12f000 	C:\WINDOWS\SYSTEM32\windows.storage.dll
0x00007ffa410e0000 - 0x00007ffa41436000 	C:\WINDOWS\System32\combase.dll
0x00007ffa3f2a0000 - 0x00007ffa3f2cc000 	C:\WINDOWS\SYSTEM32\Wldp.dll
0x00007ffa40e50000 - 0x00007ffa40efe000 	C:\WINDOWS\System32\SHCORE.dll
0x00007ffa415b0000 - 0x00007ffa41605000 	C:\WINDOWS\System32\shlwapi.dll
0x00007ffa3f840000 - 0x00007ffa3f866000 	C:\WINDOWS\SYSTEM32\profapi.dll
0x00007ffa39850000 - 0x00007ffa39869000 	C:\Program Files\Java\jdk-11.0.2\bin\net.dll
0x00007ffa32a70000 - 0x00007ffa32b70000 	C:\WINDOWS\SYSTEM32\WINHTTP.dll
0x00007ffa339c0000 - 0x00007ffa33bad000 	C:\WINDOWS\SYSTEM32\urlmon.dll
0x00007ffa34010000 - 0x00007ffa342c0000 	C:\WINDOWS\SYSTEM32\iertutil.dll
0x00007ffa3f020000 - 0x00007ffa3f08a000 	C:\WINDOWS\system32\mswsock.dll
0x00007ffa39830000 - 0x00007ffa39843000 	C:\Program Files\Java\jdk-11.0.2\bin\nio.dll
0x00007ffa1cba0000 - 0x00007ffa1cba9000 	C:\Program Files\Java\jdk-11.0.2\bin\management.dll
0x00007ffa1ca10000 - 0x00007ffa1ca1c000 	C:\Program Files\Java\jdk-11.0.2\bin\management_ext.dll
0x00007ffa19cb0000 - 0x00007ffa19cc7000 	C:\WINDOWS\system32\napinsp.dll
0x00007ffa19cd0000 - 0x00007ffa19ceb000 	C:\WINDOWS\system32\pnrpnsp.dll
0x00007ffa1c3d0000 - 0x00007ffa1c3e5000 	C:\WINDOWS\system32\wshbth.dll
0x00007ffa3b1d0000 - 0x00007ffa3b1ed000 	C:\WINDOWS\system32\NLAapi.dll
0x00007ffa3ed10000 - 0x00007ffa3ed4b000 	C:\WINDOWS\SYSTEM32\IPHLPAPI.DLL
0x00007ffa3ed50000 - 0x00007ffa3ee1b000 	C:\WINDOWS\SYSTEM32\DNSAPI.dll
0x00007ffa41dc0000 - 0x00007ffa41dc8000 	C:\WINDOWS\System32\NSI.dll
0x00007ffa1b750000 - 0x00007ffa1b762000 	C:\WINDOWS\System32\winrnr.dll
0x00007ffa325f0000 - 0x00007ffa325fa000 	C:\Windows\System32\rasadhlp.dll
0x00007ffa33bd0000 - 0x00007ffa33c4f000 	C:\WINDOWS\System32\fwpuclnt.dll
0x00007ffa40040000 - 0x00007ffa40067000 	C:\WINDOWS\System32\bcrypt.dll
0x00007ffa3f1f0000 - 0x00007ffa3f208000 	C:\WINDOWS\SYSTEM32\CRYPTSP.dll
0x00007ffa3e9c0000 - 0x00007ffa3e9f4000 	C:\WINDOWS\system32\rsaenh.dll
0x00007ffa3f7c0000 - 0x00007ffa3f7ee000 	C:\WINDOWS\SYSTEM32\USERENV.dll
0x00007ffa3f210000 - 0x00007ffa3f21c000 	C:\WINDOWS\SYSTEM32\CRYPTBASE.dll
0x00007ffa36e00000 - 0x00007ffa36e17000 	C:\WINDOWS\SYSTEM32\dhcpcsvc6.DLL
0x00007ffa36270000 - 0x00007ffa3628d000 	C:\WINDOWS\SYSTEM32\dhcpcsvc.DLL

dbghelp: loaded successfully - version: 4.0.5 - missing functions: none
symbol engine: initialized successfully - sym options: 0x614 - pdb path: .;C:\Program Files\Java\jdk-11.0.2\bin;C:\WINDOWS\SYSTEM32;C:\WINDOWS\WinSxS\amd64_microsoft.windows.common-controls_6595b64144ccf1df_6.0.19041.746_none_ca02b4b61b8320a4;C:\Program Files\Java\jdk-11.0.2\bin\server

VM Arguments:
jvm_args: -Dcom.sun.management.jmxremote -Dcom.sun.management.jmxremote.port=60250 -Dcom.sun.management.jmxremote.authenticate=false -Dcom.sun.management.jmxremote.ssl=false -Djava.rmi.server.hostname=localhost -Dspring.jmx.enabled=true -Dspring.application.admin.enabled=true -Xverify:none -XX:TieredStopAtLevel=1 -Dfile.encoding=UTF-8 
java_command: com.abrito10.projetoTesteEleicoes.ProjetoTesteEleicoesApplication --spring.output.ansi.enabled=always
java_class_path (initial): C:\projetos\ws-dataa\eleicoes\eleicoesBackend\target\classes;C:\Users\adilson\.m2\repository\org\springframework\boot\spring-boot-starter-web\2.4.2\spring-boot-starter-web-2.4.2.jar;C:\Users\adilson\.m2\repository\org\springframework\boot\spring-boot-starter\2.4.2\spring-boot-starter-2.4.2.jar;C:\Users\adilson\.m2\repository\org\springframework\boot\spring-boot\2.4.2\spring-boot-2.4.2.jar;C:\Users\adilson\.m2\repository\org\springframework\boot\spring-boot-autoconfigure\2.4.2\spring-boot-autoconfigure-2.4.2.jar;C:\Users\adilson\.m2\repository\org\springframework\boot\spring-boot-starter-logging\2.4.2\spring-boot-starter-logging-2.4.2.jar;C:\Users\adilson\.m2\repository\ch\qos\logback\logback-classic\1.2.3\logback-classic-1.2.3.jar;C:\Users\adilson\.m2\repository\ch\qos\logback\logback-core\1.2.3\logback-core-1.2.3.jar;C:\Users\adilson\.m2\repository\org\apache\logging\log4j\log4j-to-slf4j\2.13.3\log4j-to-slf4j-2.13.3.jar;C:\Users\adilson\.m2\repository\org\apache\logging\log4j\log4j-api\2.13.3\log4j-api-2.13.3.jar;C:\Users\adilson\.m2\repository\org\slf4j\jul-to-slf4j\1.7.30\jul-to-slf4j-1.7.30.jar;C:\Users\adilson\.m2\repository\jakarta\annotation\jakarta.annotation-api\1.3.5\jakarta.annotation-api-1.3.5.jar;C:\Users\adilson\.m2\repository\org\yaml\snakeyaml\1.27\snakeyaml-1.27.jar;C:\Users\adilson\.m2\repository\org\springframework\boot\spring-boot-starter-json\2.4.2\spring-boot-starter-json-2.4.2.jar;C:\Users\adilson\.m2\repository\com\fasterxml\jackson\datatype\jackson-datatype-jdk8\2.11.4\jackson-datatype-jdk8-2.11.4.jar;C:\Users\adilson\.m2\repository\com\fasterxml\jackson\datatype\jackson-datatype-jsr310\2.11.4\jackson-datatype-jsr310-2.11.4.jar;C:\Users\adilson\.m2\repository\com\fasterxml\jackson\module\jackson-module-parameter-names\2.11.4\jackson-module-parameter-names-2.11.4.jar;C:\Users\adilson\.m2\repository\org\springframework\boot\spring-boot-starter-tomcat\2.4.2\spring-boot-starter-tomcat-2.4.2.jar;C:\Users\adilson\.m2\r
Launcher Type: SUN_STANDARD

[Global flags]
     bool BytecodeVerificationLocal                = false                                     {product} {command line}
     bool BytecodeVerificationRemote               = false                                     {product} {command line}
     intx CICompilerCount                          = 2                                         {product} {ergonomic}
     uint ConcGCThreads                            = 1                                         {product} {ergonomic}
     uint G1ConcRefinementThreads                  = 2                                         {product} {ergonomic}
   size_t G1HeapRegionSize                         = 1048576                                   {product} {ergonomic}
    uintx GCDrainStackTargetSize                   = 64                                        {product} {ergonomic}
   size_t InitialHeapSize                          = 33554432                                  {product} {ergonomic}
     bool ManagementServer                         = true                                      {product} {command line}
   size_t MarkStackSize                            = 4194304                                   {product} {ergonomic}
   size_t MaxHeapSize                              = 532676608                                 {product} {ergonomic}
   size_t MaxNewSize                               = 318767104                                 {product} {ergonomic}
   size_t MinHeapDeltaBytes                        = 1048576                                   {product} {ergonomic}
    uintx NonNMethodCodeHeapSize                   = 6396312                                {pd product} {ergonomic}
    uintx NonProfiledCodeHeapSize                  = 245261928                              {pd product} {ergonomic}
    uintx ProfiledCodeHeapSize                     = 0                                      {pd product} {ergonomic}
    uintx ReservedCodeCacheSize                    = 251658240                              {pd product} {ergonomic}
     bool SegmentedCodeCache                       = true                                      {product} {ergonomic}
     intx TieredStopAtLevel                        = 1                                         {product} {command line}
     bool UseCompressedClassPointers               = true                                 {lp64_product} {ergonomic}
     bool UseCompressedOops                        = true                                 {lp64_product} {ergonomic}
     bool UseG1GC                                  = true                                      {product} {ergonomic}
     bool UseLargePagesIndividualAllocation        = false                                  {pd product} {ergonomic}

Logging:
Log output configuration:
 #0: stdout all=warning uptime,level,tags
 #1: stderr all=off uptime,level,tags

Environment Variables:
JAVA_HOME=C:\Program Files\Java\jdk-11.0.2
PATH=C:/Program Files/Java/jdk-11.0.2/bin/server;C:/Program Files/Java/jdk-11.0.2/bin;C:\Program Files\Microsoft MPI\Bin\;C:\ProgramData\Oracle\Java\javapath;C:\Program Files (x86)\Parallels\Parallels Tools\Applications;C:\WINDOWS\system32;C:\WINDOWS;C:\WINDOWS\System32\Wbem;C:\WINDOWS\System32\WindowsPowerShell\v1.0\;C:\Program Files (x86)\Microsoft SQL Server\140\Tools\Binn\;C:\Program Files\Microsoft SQL Server\140\Tools\Binn\;C:\Program Files (x86)\Microsoft SQL Server\140\DTS\Binn\;C:\Program Files\Microsoft SQL Server\140\DTS\Binn\;C:\Program Files\Microsoft SQL Server\Client SDK\ODBC\130\Tools\Binn\;C:\WINDOWS\System32\OpenSSH\;C:\xampp\mysql\bin;C:\Program Files\dotnet\;C:\Program Files\Java\jdk-11.0.2\bin;C:\Program Files\Git\cmd;C:\Program Files\nodejs\;C:\Program Files (x86)\Microsoft Visual Studio\Common\Tools\WinNT;C:\Program Files (x86)\Microsoft Visual Studio\Common\MSDev98\Bin;C:\Program Files (x86)\Microsoft Visual Studio\Common\Tools;C:\Program Files (x86)\Microsoft Visual Studio\VC98\bin;C:\Users\adilson\AppData\Local\Microsoft\WindowsApps;C:\Program Files\heroku\bin;C:\Users\adilson\AppData\Local\Programs\Microsoft VS Code\bin;C:\Users\adilson\.dotnet\tools;C:\Users\adilson\AppData\Roaming\npm;C:\Spring\sts-4.3.2.RELEASE;
USERNAME=adilson
OS=Windows_NT
PROCESSOR_IDENTIFIER=Intel64 Family 6 Model 70 Stepping 1, GenuineIntel



---------------  S Y S T E M  ---------------

OS: Windows 10 , 64 bit Build 19041 (10.0.19041.662)

CPU:total 2 (initial active 2) (2 cores per cpu, 1 threads per core) family 6 model 70 stepping 1, cmov, cx8, fxsr, mmx, sse, sse2, sse3, ssse3, sse4.1, sse4.2, popcnt, avx, avx2, aes, clmul, erms, lzcnt, tsc, bmi1, bmi2, fma

Memory: 4k page, system-wide physical 2030M (305M free)
TotalPageFile size 8174M (AvailPageFile size 0M)
current process WorkingSet (physical memory assigned to process): 122M, peak: 139M
current process commit charge ("private bytes"): 189M, peak: 190M

vm_info: OpenJDK 64-Bit Server VM (11.0.2+9) for windows-amd64 JRE (11.0.2+9), built on Jan 18 2019 05:23:22 by "mach5one" with MS VC++ 15.5 (VS2017)

END.
